
-----------------------------------------------------------------
  pg_upgrade run on Tue Sep  5 18:19:03 2017
-----------------------------------------------------------------

You must identify the directory where the new cluster data resides.
Please use the -D command-line option or the PGDATANEW environment variable.

-----------------------------------------------------------------
  pg_upgrade run on Tue Sep  5 18:19:33 2017
-----------------------------------------------------------------

Performing Consistency Checks
-----------------------------
Checking cluster versions                                   This utility can only upgrade to PostgreSQL version 9.6.
Try "pg_upgrade --help" for more information.

-----------------------------------------------------------------
  pg_upgrade run on Tue Sep  5 18:20:18 2017
-----------------------------------------------------------------

check for "/usr/local/var/postgres" failed: No such file or directory


-----------------------------------------------------------------
  pg_upgrade run on Tue Sep  5 18:20:29 2017
-----------------------------------------------------------------


*failure*
Consult the last few lines of "pg_upgrade_server.log" for
the probable cause of the failure.
There seems to be a postmaster servicing the new cluster.
Please shutdown that postmaster and try again.
